<?xml version="1.0" encoding="UTF-8"?>
<!-- Generated by org.testng.reporters.JUnitReportReporter -->
<testsuite hostname="DESKTOP-G7O35M6" failures="0" tests="4" name="api.test.UserTests" time="6.487" errors="0" timestamp="2024-11-24T17:59:18 IST" skipped="0">
  <testcase classname="api.test.UserTests" name="testPostUser" time="1.949"/>
  <testcase classname="api.test.UserTests" name="testGetUser" time="1.071"/>
  <testcase classname="api.test.UserTests" name="testDeleteUser" time="1.328"/>
  <testcase classname="api.test.UserTests" name="testUpdateUser" time="2.139"/>
</testsuite> <!-- api.test.UserTests -->
