<?xml version="1.0" encoding="UTF-8"?>
<!-- Generated by org.testng.reporters.JUnitReportReporter -->
<testsuite hostname="DESKTOP-G7O35M6" failures="0" tests="4" name="api.test.UserTests" time="6.443" errors="0" timestamp="2024-11-24T18:01:57 IST" skipped="0">
  <testcase classname="api.test.UserTests" name="testPostUser" time="2.068"/>
  <testcase classname="api.test.UserTests" name="testGetUser" time="1.057"/>
  <testcase classname="api.test.UserTests" name="testUpdateUser" time="2.229"/>
  <testcase classname="api.test.UserTests" name="testDeleteUser" time="1.089"/>
</testsuite> <!-- api.test.UserTests -->
